<?xml version="1.0" encoding="UTF-8"?>
<!-- Generated by org.testng.reporters.JUnitReportReporter -->
<testsuite hostname="LAPTOP-B17B4A37" failures="0" tests="8" name="testNG.Flipkart_TestNG" time="342.081" errors="0" timestamp="2022-06-07T11:31:27 IST" skipped="0">
  <testcase classname="testNG.Flipkart_TestNG" name="orders" time="39.986"/>
  <system-out/>
  <testcase classname="testNG.Flipkart_TestNG" name="orders" time="40.032"/>
  <system-out/>
  <testcase classname="testNG.Flipkart_TestNG" name="myProfile" time="35.140"/>
  <system-out/>
  <testcase classname="testNG.Flipkart_TestNG" name="mychats" time="40.236"/>
  <system-out/>
  <testcase classname="testNG.Flipkart_TestNG" name="mychats" time="40.313"/>
  <system-out/>
  <testcase classname="testNG.Flipkart_TestNG" name="wishlist" time="71.626"/>
  <system-out/>
  <testcase classname="testNG.Flipkart_TestNG" name="myProfile" time="35.133"/>
  <system-out/>
  <testcase classname="testNG.Flipkart_TestNG" name="wishlist" time="39.615"/>
  <system-out/>
</testsuite> <!-- testNG.Flipkart_TestNG -->
